Detecting C [-std=c11] compiler features failed to compile with the following output:
Change Dir: /Users/mac/Desktop/C:C++/cdemo/cmake-build-debug/CMakeFiles/CMakeTmp

Run Build Command(s):/usr/bin/make cmTC_693fa/fast 
/Library/Developer/CommandLineTools/usr/bin/make -f CMakeFiles/cmTC_693fa.dir/build.make CMakeFiles/cmTC_693fa.dir/build
CMakeFiles/cmTC_693fa.dir/build.make:64: *** target pattern contains no `%'.  Stop.
make: *** [cmTC_693fa/fast] Error 2



Detecting CXX [-std=c++1z] compiler features failed to compile with the following output:
Change Dir: /Users/mac/Desktop/C:C++/cdemo/cmake-build-debug/CMakeFiles/CMakeTmp

Run Build Command(s):/usr/bin/make cmTC_8221a/fast 
/Library/Developer/CommandLineTools/usr/bin/make -f CMakeFiles/cmTC_8221a.dir/build.make CMakeFiles/cmTC_8221a.dir/build
CMakeFiles/cmTC_8221a.dir/build.make:64: *** target pattern contains no `%'.  Stop.
make: *** [cmTC_8221a/fast] Error 2



